Build started 2015-12-07 11:55:37.
     1>Project "D:\Studia\Semestr III\Projekt C++\Gra\Gra.vcxproj" on node 2 (build target(s)).
     1>InitializeBuildStatus:
         Creating "Debug\Gra.unsuccessfulbuild" because "AlwaysCreate" was specified.
       ClCompile:
         C:\Program Files (x86)\Microsoft Visual Studio 10.0\VC\bin\CL.exe /c /I"D:\Studia\Semestr III\Projekt C++\SFML-2.3.2\include" /ZI /nologo /W3 /WX- /Od /Oy- /D SFML_STATIC /D WIN32 /D _DEBUG /D _CONSOLE /D _UNICODE /D UNICODE /Gm /EHsc /RTC1 /MDd /GS /fp:precise /Zc:wchar_t /Zc:forScope /Fo"Debug\\" /Fd"Debug\vc100.pdb" /Gd /TP /analyze- /errorReport:prompt main.cpp
         main.cpp
       ManifestResourceCompile:
         C:\Program Files (x86)\Microsoft SDKs\Windows\v7.0A\bin\rc.exe /nologo /fo"Debug\Gra.exe.embed.manifest.res" Debug\Gra_manifest.rc 
       Link:
         C:\Program Files (x86)\Microsoft Visual Studio 10.0\VC\bin\link.exe /ERRORREPORT:PROMPT /OUT:"D:\Studia\Semestr III\Projekt C++\Gra\Debug\Gra.exe" /INCREMENTAL /NOLOGO /LIBPATH:"D:\Studia\Semestr III\Projekt C++\SFML-2.3.2\lib" kernel32.lib user32.lib gdi32.lib winspool.lib comdlg32.lib advapi32.lib shell32.lib ole32.lib oleaut32.lib uuid.lib odbc32.lib odbccp32.lib /MANIFEST /ManifestFile:"Debug\Gra.exe.intermediate.manifest" /MANIFESTUAC:"level='asInvoker' uiAccess='false'" /DEBUG /PDB:"D:\Studia\Semestr III\Projekt C++\Gra\Debug\Gra.pdb" /SUBSYSTEM:CONSOLE /TLBID:1 /DYNAMICBASE /NXCOMPAT /IMPLIB:"D:\Studia\Semestr III\Projekt C++\Gra\Debug\Gra.lib" /MACHINE:X86 Debug\Gra.exe.embed.manifest.res
         Debug\main.obj
     1>main.obj : error LNK2019: unresolved external symbol "public: virtual __thiscall sf::RenderWindow::~RenderWindow(void)" (??1RenderWindow@sf@@UAE@XZ) referenced in function _main
     1>main.obj : error LNK2019: unresolved external symbol "public: void __thiscall sf::Window::display(void)" (?display@Window@sf@@QAEXXZ) referenced in function _main
     1>main.obj : error LNK2019: unresolved external symbol "public: void __thiscall sf::RenderTarget::draw(class sf::Drawable const &,class sf::RenderStates const &)" (?draw@RenderTarget@sf@@QAEXABVDrawable@2@ABVRenderStates@2@@Z) referenced in function _main
     1>main.obj : error LNK2001: unresolved external symbol "public: static class sf::RenderStates const sf::RenderStates::Default" (?Default@RenderStates@sf@@2V12@B)
     1>main.obj : error LNK2019: unresolved external symbol "public: void __thiscall sf::RenderTarget::clear(class sf::Color const &)" (?clear@RenderTarget@sf@@QAEXABVColor@2@@Z) referenced in function _main
     1>main.obj : error LNK2019: unresolved external symbol "public: __thiscall sf::Color::Color(unsigned char,unsigned char,unsigned char,unsigned char)" (??0Color@sf@@QAE@EEEE@Z) referenced in function _main
     1>main.obj : error LNK2019: unresolved external symbol "public: void __thiscall sf::Window::close(void)" (?close@Window@sf@@QAEXXZ) referenced in function _main
     1>main.obj : error LNK2019: unresolved external symbol "public: bool __thiscall sf::Window::pollEvent(class sf::Event &)" (?pollEvent@Window@sf@@QAE_NAAVEvent@2@@Z) referenced in function _main
     1>main.obj : error LNK2019: unresolved external symbol "public: bool __thiscall sf::Window::isOpen(void)const " (?isOpen@Window@sf@@QBE_NXZ) referenced in function _main
     1>main.obj : error LNK2019: unresolved external symbol "public: void __thiscall sf::Shape::setFillColor(class sf::Color const &)" (?setFillColor@Shape@sf@@QAEXABVColor@2@@Z) referenced in function _main
     1>main.obj : error LNK2001: unresolved external symbol "public: static class sf::Color const sf::Color::Green" (?Green@Color@sf@@2V12@B)
     1>main.obj : error LNK2019: unresolved external symbol "public: __thiscall sf::CircleShape::CircleShape(float,unsigned int)" (??0CircleShape@sf@@QAE@MI@Z) referenced in function _main
     1>main.obj : error LNK2019: unresolved external symbol "public: __thiscall sf::RenderWindow::RenderWindow(class sf::VideoMode,class sf::String const &,unsigned int,struct sf::ContextSettings const &)" (??0RenderWindow@sf@@QAE@VVideoMode@1@ABVString@1@IABUContextSettings@1@@Z) referenced in function _main
     1>main.obj : error LNK2019: unresolved external symbol "public: __thiscall sf::VideoMode::VideoMode(unsigned int,unsigned int,unsigned int)" (??0VideoMode@sf@@QAE@III@Z) referenced in function _main
     1>main.obj : error LNK2019: unresolved external symbol "public: __thiscall sf::String::String(char const *,class std::locale const &)" (??0String@sf@@QAE@PBDABVlocale@std@@@Z) referenced in function _main
     1>main.obj : error LNK2019: unresolved external symbol "public: virtual __thiscall sf::Shape::~Shape(void)" (??1Shape@sf@@UAE@XZ) referenced in function "public: virtual __thiscall sf::CircleShape::~CircleShape(void)" (??1CircleShape@sf@@UAE@XZ)
     1>D:\Studia\Semestr III\Projekt C++\Gra\Debug\Gra.exe : fatal error LNK1120: 16 unresolved externals
     1>Done Building Project "D:\Studia\Semestr III\Projekt C++\Gra\Gra.vcxproj" (build target(s)) -- FAILED.

Build FAILED.

Time Elapsed 00:00:01.76
