Build started 15.05.2017 19:07:08.
     1>Project "D:\Nowy folder\Gra\Gra.vcxproj" on node 2 (build target(s)).
     1>InitializeBuildStatus:
         Touching "Release\Gra.unsuccessfulbuild".
       ClCompile:
         C:\Program Files (x86)\Microsoft Visual Studio 10.0\VC\bin\CL.exe /c /I"D:\Nowy folder\Gra\SFML-2.3.2\include" /Zi /nologo /W3 /WX- /O2 /Oi /Oy- /GL /D SFML_STATIC /D WIN32 /D NDEBUG /D _CONSOLE /D _UNICODE /D UNICODE /Gm- /EHsc /MD /GS /Gy /fp:precise /Zc:wchar_t /Zc:forScope /Fo"Release\\" /Fd"Release\vc100.pdb" /Gd /TP /analyze- /errorReport:prompt Audio.cpp Bullet.cpp Enemy.cpp Engine.cpp Entity.cpp Game.cpp level.cpp main.cpp Player.cpp
         Audio.cpp
         Bullet.cpp
     1>Bullet.cpp(43): warning C4018: '<' : signed/unsigned mismatch
     1>Bullet.cpp(56): warning C4018: '<' : signed/unsigned mismatch
     1>Bullet.cpp(81): warning C4018: '<' : signed/unsigned mismatch
         Enemy.cpp
     1>Enemy.cpp(33): warning C4018: '<' : signed/unsigned mismatch
     1>Enemy.cpp(69): warning C4244: '*=' : conversion from 'double' to 'int', possible loss of data
     1>Enemy.cpp(79): warning C4244: 'initializing' : conversion from 'int' to 'float', possible loss of data
     1>Enemy.cpp(80): warning C4244: '=' : conversion from 'double' to 'float', possible loss of data
     1>Enemy.cpp(89): warning C4244: 'argument' : conversion from 'int' to 'float', possible loss of data
     1>Enemy.cpp(89): warning C4244: 'argument' : conversion from 'int' to 'float', possible loss of data
     1>Enemy.cpp(111): warning C4018: '<' : signed/unsigned mismatch
     1>Enemy.cpp(123): warning C4018: '<' : signed/unsigned mismatch
     1>Enemy.cpp(140): warning C4018: '<' : signed/unsigned mismatch
         Engine.cpp
     1>Engine.cpp(117): warning C4244: 'argument' : conversion from 'int' to 'float', possible loss of data
     1>Engine.cpp(123): warning C4244: 'argument' : conversion from 'int' to 'float', possible loss of data
     1>Engine.cpp(211): warning C4244: 'argument' : conversion from 'int' to 'float', possible loss of data
     1>Engine.cpp(214): warning C4244: 'argument' : conversion from 'int' to 'float', possible loss of data
     1>Engine.cpp(243): warning C4244: 'argument' : conversion from 'int' to 'float', possible loss of data
     1>Engine.cpp(295): warning C4244: 'argument' : conversion from 'int' to 'float', possible loss of data
     1>Engine.cpp(307): warning C4244: 'argument' : conversion from 'int' to 'float', possible loss of data
         Entity.cpp
         Game.cpp
     1>Game.cpp(10): warning C4244: 'argument' : conversion from 'time_t' to 'unsigned int', possible loss of data
     1>Game.cpp(46): warning C4482: nonstandard extension used: enum 'Game::GameState' used in qualified name
     1>Game.cpp(49): warning C4482: nonstandard extension used: enum 'Game::GameState' used in qualified name
     1>Game.cpp(76): warning C4244: 'argument' : conversion from 'int' to 'float', possible loss of data
         level.cpp
         main.cpp
         Player.cpp
     1>Player.cpp(121): warning C4244: 'argument' : conversion from 'int' to 'float', possible loss of data
     1>Player.cpp(127): warning C4244: '=' : conversion from 'int' to 'float', possible loss of data
     1>Player.cpp(128): warning C4244: '=' : conversion from 'int' to 'float', possible loss of data
     1>Player.cpp(175): warning C4244: 'return' : conversion from 'float' to 'int', possible loss of data
       ResourceCompile:
         C:\Program Files (x86)\Microsoft SDKs\Windows\v7.0A\bin\rc.exe /D _UNICODE /D UNICODE /l"0x0409" /nologo /fo"Release\Gra.res" Gra.rc 
       Link:
         C:\Program Files (x86)\Microsoft Visual Studio 10.0\VC\bin\link.exe /ERRORREPORT:PROMPT /OUT:"D:\Nowy folder\Gra\Release\Gra.exe" /INCREMENTAL:NO /NOLOGO /LIBPATH:"D:\Nowy folder\Gra\SFML-2.3.2\lib" "sfml-window-s.lib" "sfml-system-s.lib" opengl32.lib freetype.lib jpeg.lib winmm.lib gdi32.lib openal32.lib flac.lib vorbisenc.lib vorbisfile.lib vorbis.lib ogg.lib "sfml-graphics-s.lib" "sfml-audio-s.lib" kernel32.lib user32.lib gdi32.lib winspool.lib comdlg32.lib advapi32.lib shell32.lib ole32.lib oleaut32.lib uuid.lib odbc32.lib odbccp32.lib /MANIFEST /ManifestFile:"Release\Gra.exe.intermediate.manifest" /MANIFESTUAC:"level='asInvoker' uiAccess='false'" /DEBUG /PDB:"D:\Nowy folder\Gra\Release\Gra.pdb" /SUBSYSTEM:CONSOLE /OPT:REF /OPT:ICF /LTCG /TLBID:1 /DYNAMICBASE /NXCOMPAT /IMPLIB:"D:\Nowy folder\Gra\Release\Gra.lib" /MACHINE:X86 Release\Gra.res
         Release\Audio.obj
         Release\Bullet.obj
         Release\Enemy.obj
         Release\Engine.obj
         Release\Entity.obj
         Release\Game.obj
         Release\level.obj
         Release\main.obj
         Release\Player.obj
         Generating code
         Finished generating code
         Gra.vcxproj -> D:\Nowy folder\Gra\Release\Gra.exe
       Manifest:
         C:\Program Files (x86)\Microsoft SDKs\Windows\v7.0A\bin\mt.exe /nologo /verbose /outputresource:"D:\Nowy folder\Gra\Release\Gra.exe;#1" /manifest Release\Gra.exe.intermediate.manifest
       FinalizeBuildStatus:
         Deleting file "Release\Gra.unsuccessfulbuild".
         Touching "Release\Gra.lastbuildstate".
     1>Done Building Project "D:\Nowy folder\Gra\Gra.vcxproj" (build target(s)).

Build succeeded.

Time Elapsed 00:00:09.30
